Iterations:        100
Instructions:      700
Total Cycles:      1005
Total uOps:        1100

Dispatch Width:    4
uOps Per Cycle:    1.09
IPC:               0.70
Block RThroughput: 2.8


Instruction Info:
[1]: #uOps
[2]: Latency
[3]: RThroughput
[4]: MayLoad
[5]: MayStore
[6]: HasSideEffects (U)

[1]    [2]    [3]    [4]    [5]    [6]    Instructions:
 1      3     1.00                        imull	%esi, %edi
 1      5     0.50    *                   movq	(%r8), %rax
 1      1     0.25                        addl	%edx, %edi
 2      6     0.50    *                   addl	(%rcx), %edi
 2      6     0.50    *                   addl	(%rax), %edi
 1      1     1.00           *            movl	%edi, (%r9)
 3      7     1.00                  U     retq


Resources:
[0]   - HWDivider
[1]   - HWFPDivider
[2]   - HWPort0
[3]   - HWPort1
[4]   - HWPort2
[5]   - HWPort3
[6]   - HWPort4
[7]   - HWPort5
[8]   - HWPort6
[9]   - HWPort7


Resource pressure per iteration:
[0]    [1]    [2]    [3]    [4]    [5]    [6]    [7]    [8]    [9]    
 -      -     1.48   1.48   2.00   2.00   1.00   1.48   1.56   1.00   

Resource pressure by instruction:
[0]    [1]    [2]    [3]    [4]    [5]    [6]    [7]    [8]    [9]    Instructions:
 -      -      -     1.00    -      -      -      -      -      -     imull	%esi, %edi
 -      -      -      -     0.02   0.98    -      -      -      -     movq	(%r8), %rax
 -      -     0.55    -      -      -      -     0.45    -      -     addl	%edx, %edi
 -      -     0.03   0.42   0.03   0.97    -     0.01   0.54    -     addl	(%rcx), %edi
 -      -     0.44    -     0.97   0.03    -     0.54   0.02    -     addl	(%rax), %edi
 -      -      -      -      -      -     1.00    -      -     1.00   movl	%edi, (%r9)
 -      -     0.46   0.06   0.98   0.02    -     0.48   1.00    -     retq


Timeline view:
                    0123456789          0123456789          0123456789          01234567
Index     0123456789          0123456789          0123456789          0123456789        

[0,0]     DeeeER    .    .    .    .    .    .    .    .    .    .    .    .    .    . .   imull	%esi, %edi
[0,1]     DeeeeeER  .    .    .    .    .    .    .    .    .    .    .    .    .    . .   movq	(%r8), %rax
[0,2]     D===eE-R  .    .    .    .    .    .    .    .    .    .    .    .    .    . .   addl	%edx, %edi
[0,3]     .D==eeeeeeER   .    .    .    .    .    .    .    .    .    .    .    .    . .   addl	(%rcx), %edi
[0,4]     .D====eeeeeeER .    .    .    .    .    .    .    .    .    .    .    .    . .   addl	(%rax), %edi
[0,5]     . D=========eER.    .    .    .    .    .    .    .    .    .    .    .    . .   movl	%edi, (%r9)
[0,6]     . DeeeeeeeE---R.    .    .    .    .    .    .    .    .    .    .    .    . .   retq
[1,0]     .  D========eeeER   .    .    .    .    .    .    .    .    .    .    .    . .   imull	%esi, %edi
[1,1]     .  DeeeeeE------R   .    .    .    .    .    .    .    .    .    .    .    . .   movq	(%r8), %rax
[1,2]     .  D===========eER  .    .    .    .    .    .    .    .    .    .    .    . .   addl	%edx, %edi
[1,3]     .   D==========eeeeeeER  .    .    .    .    .    .    .    .    .    .    . .   addl	(%rcx), %edi
[1,4]     .   D===========eeeeeeER .    .    .    .    .    .    .    .    .    .    . .   addl	(%rax), %edi
[1,5]     .    D================eER.    .    .    .    .    .    .    .    .    .    . .   movl	%edi, (%r9)
[1,6]     .    DeeeeeeeE----------R.    .    .    .    .    .    .    .    .    .    . .   retq
[2,0]     .    .D===============eeeER   .    .    .    .    .    .    .    .    .    . .   imull	%esi, %edi
[2,1]     .    .DeeeeeE-------------R   .    .    .    .    .    .    .    .    .    . .   movq	(%r8), %rax
[2,2]     .    .D==================eER  .    .    .    .    .    .    .    .    .    . .   addl	%edx, %edi
[2,3]     .    . D=================eeeeeeER  .    .    .    .    .    .    .    .    . .   addl	(%rcx), %edi
[2,4]     .    . D==================eeeeeeER .    .    .    .    .    .    .    .    . .   addl	(%rax), %edi
[2,5]     .    .  D=======================eER.    .    .    .    .    .    .    .    . .   movl	%edi, (%r9)
[2,6]     .    .  DeeeeeeeE-----------------R.    .    .    .    .    .    .    .    . .   retq
[3,0]     .    .   D======================eeeER   .    .    .    .    .    .    .    . .   imull	%esi, %edi
[3,1]     .    .   DeeeeeE--------------------R   .    .    .    .    .    .    .    . .   movq	(%r8), %rax
[3,2]     .    .   D=========================eER  .    .    .    .    .    .    .    . .   addl	%edx, %edi
[3,3]     .    .    D========================eeeeeeER  .    .    .    .    .    .    . .   addl	(%rcx), %edi
[3,4]     .    .    D=========================eeeeeeER .    .    .    .    .    .    . .   addl	(%rax), %edi
[3,5]     .    .    .D==============================eER.    .    .    .    .    .    . .   movl	%edi, (%r9)
[3,6]     .    .    .DeeeeeeeE------------------------R.    .    .    .    .    .    . .   retq
[4,0]     .    .    . D=============================eeeER   .    .    .    .    .    . .   imull	%esi, %edi
[4,1]     .    .    . DeeeeeE---------------------------R   .    .    .    .    .    . .   movq	(%r8), %rax
[4,2]     .    .    . D================================eER  .    .    .    .    .    . .   addl	%edx, %edi
[4,3]     .    .    .  D===============================eeeeeeER  .    .    .    .    . .   addl	(%rcx), %edi
[4,4]     .    .    .  D================================eeeeeeER .    .    .    .    . .   addl	(%rax), %edi
[4,5]     .    .    .   D=====================================eER.    .    .    .    . .   movl	%edi, (%r9)
[4,6]     .    .    .   DeeeeeeeE-------------------------------R.    .    .    .    . .   retq
[5,0]     .    .    .    D====================================eeeER   .    .    .    . .   imull	%esi, %edi
[5,1]     .    .    .    DeeeeeE----------------------------------R   .    .    .    . .   movq	(%r8), %rax
[5,2]     .    .    .    D=======================================eER  .    .    .    . .   addl	%edx, %edi
[5,3]     .    .    .    .D======================================eeeeeeER  .    .    . .   addl	(%rcx), %edi
[5,4]     .    .    .    .D=======================================eeeeeeER .    .    . .   addl	(%rax), %edi
[5,5]     .    .    .    . D============================================eER.    .    . .   movl	%edi, (%r9)
[5,6]     .    .    .    . DeeeeeeeE--------------------------------------R.    .    . .   retq
[6,0]     .    .    .    .  D===========================================eeeER   .    . .   imull	%esi, %edi
[6,1]     .    .    .    .  DeeeeeE-----------------------------------------R   .    . .   movq	(%r8), %rax
[6,2]     .    .    .    .  D==============================================eER  .    . .   addl	%edx, %edi
[6,3]     .    .    .    .   D=============================================eeeeeeER  . .   addl	(%rcx), %edi
[6,4]     .    .    .    .   D==============================================eeeeeeER . .   addl	(%rax), %edi
[6,5]     .    .    .    .    D===================================================eER. .   movl	%edi, (%r9)
[6,6]     .    .    .    .    DeeeeeeeE---------------------------------------------R. .   retq
[7,0]     .    .    .    .    .D==================================================eeeER.   imull	%esi, %edi
[7,1]     .    .    .    .    .DeeeeeE------------------------------------------------R.   movq	(%r8), %rax
[7,2]     .    .    .    .    .D=====================================================eER   addl	%edx, %edi


Average Wait times (based on the timeline view):
[0]: Executions
[1]: Average time spent waiting in a scheduler's queue
[2]: Average time spent waiting in a scheduler's queue while ready
[3]: Average time elapsed from WB until retire stage

      [0]    [1]    [2]    [3]
0.     10    33.4   0.1    0.0       imull	%esi, %edi
1.     10    1.0    1.0    30.6      movq	(%r8), %rax
2.     10    36.4   0.0    0.1       addl	%edx, %edi
3.     10    35.4   0.0    0.0       addl	(%rcx), %edi
4.     10    36.5   0.0    0.0       addl	(%rax), %edi
5.     10    41.5   0.0    0.0       movl	%edi, (%r9)
6.     10    1.0    1.0    34.5      retq
       10    26.5   0.3    9.3       <total>
