Iterations:        100
Instructions:      700
Total Cycles:      504
Total uOps:        900

Dispatch Width:    4
uOps Per Cycle:    1.79
IPC:               1.39
Block RThroughput: 2.3


Instruction Info:
[1]: #uOps
[2]: Latency
[3]: RThroughput
[4]: MayLoad
[5]: MayStore
[6]: HasSideEffects (U)

[1]    [2]    [3]    [4]    [5]    [6]    Instructions:
 1      1     0.25                        addl	%esi, %edi
 1      1     0.25                        addl	%edx, %edi
 1      1     0.25                        addl	%ecx, %edi
 1      1     0.25                        addl	%r8d, %edi
 1      1     0.25                        addl	%r9d, %edi
 1      1     0.25                        movl	%edi, %eax
 3      7     1.00                  U     retq


Resources:
[0]   - HWDivider
[1]   - HWFPDivider
[2]   - HWPort0
[3]   - HWPort1
[4]   - HWPort2
[5]   - HWPort3
[6]   - HWPort4
[7]   - HWPort5
[8]   - HWPort6
[9]   - HWPort7


Resource pressure per iteration:
[0]    [1]    [2]    [3]    [4]    [5]    [6]    [7]    [8]    [9]    
 -      -     2.00   2.00   0.50   0.50    -     2.00   2.00    -     

Resource pressure by instruction:
[0]    [1]    [2]    [3]    [4]    [5]    [6]    [7]    [8]    [9]    Instructions:
 -      -     0.04   0.91    -      -      -      -     0.05    -     addl	%esi, %edi
 -      -     0.91    -      -      -      -     0.09    -      -     addl	%edx, %edi
 -      -      -     0.90    -      -      -      -     0.10    -     addl	%ecx, %edi
 -      -     0.85    -      -      -      -     0.15    -      -     addl	%r8d, %edi
 -      -     0.05   0.10    -      -      -      -     0.85    -     addl	%r9d, %edi
 -      -     0.05   0.04    -      -      -     0.91    -      -     movl	%edi, %eax
 -      -     0.10   0.05   0.50   0.50    -     0.85   1.00    -     retq


Timeline view:
                    0123456789          0123456789          0123
Index     0123456789          0123456789          0123456789    

[0,0]     DeER .    .    .    .    .    .    .    .    .    .  .   addl	%esi, %edi
[0,1]     D=eER.    .    .    .    .    .    .    .    .    .  .   addl	%edx, %edi
[0,2]     D==eER    .    .    .    .    .    .    .    .    .  .   addl	%ecx, %edi
[0,3]     D===eER   .    .    .    .    .    .    .    .    .  .   addl	%r8d, %edi
[0,4]     .D===eER  .    .    .    .    .    .    .    .    .  .   addl	%r9d, %edi
[0,5]     .D====eER .    .    .    .    .    .    .    .    .  .   movl	%edi, %eax
[0,6]     . DeeeeeeeER   .    .    .    .    .    .    .    .  .   retq
[1,0]     . D===eE---R   .    .    .    .    .    .    .    .  .   addl	%esi, %edi
[1,1]     .  D===eE--R   .    .    .    .    .    .    .    .  .   addl	%edx, %edi
[1,2]     .  D====eE-R   .    .    .    .    .    .    .    .  .   addl	%ecx, %edi
[1,3]     .  D=====eER   .    .    .    .    .    .    .    .  .   addl	%r8d, %edi
[1,4]     .  D======eER  .    .    .    .    .    .    .    .  .   addl	%r9d, %edi
[1,5]     .   D======eER .    .    .    .    .    .    .    .  .   movl	%edi, %eax
[1,6]     .   DeeeeeeeER .    .    .    .    .    .    .    .  .   retq
[2,0]     .    D=====eER .    .    .    .    .    .    .    .  .   addl	%esi, %edi
[2,1]     .    D======eER.    .    .    .    .    .    .    .  .   addl	%edx, %edi
[2,2]     .    D=======eER    .    .    .    .    .    .    .  .   addl	%ecx, %edi
[2,3]     .    D========eER   .    .    .    .    .    .    .  .   addl	%r8d, %edi
[2,4]     .    .D========eER  .    .    .    .    .    .    .  .   addl	%r9d, %edi
[2,5]     .    .D=========eER .    .    .    .    .    .    .  .   movl	%edi, %eax
[2,6]     .    . D=eeeeeeeE-R .    .    .    .    .    .    .  .   retq
[3,0]     .    . D========eER .    .    .    .    .    .    .  .   addl	%esi, %edi
[3,1]     .    .  D========eER.    .    .    .    .    .    .  .   addl	%edx, %edi
[3,2]     .    .  D=========eER    .    .    .    .    .    .  .   addl	%ecx, %edi
[3,3]     .    .  D==========eER   .    .    .    .    .    .  .   addl	%r8d, %edi
[3,4]     .    .  D===========eER  .    .    .    .    .    .  .   addl	%r9d, %edi
[3,5]     .    .   D===========eER .    .    .    .    .    .  .   movl	%edi, %eax
[3,6]     .    .   DeeeeeeeE-----R .    .    .    .    .    .  .   retq
[4,0]     .    .    D==========eER .    .    .    .    .    .  .   addl	%esi, %edi
[4,1]     .    .    D===========eER.    .    .    .    .    .  .   addl	%edx, %edi
[4,2]     .    .    D============eER    .    .    .    .    .  .   addl	%ecx, %edi
[4,3]     .    .    D=============eER   .    .    .    .    .  .   addl	%r8d, %edi
[4,4]     .    .    .D=============eER  .    .    .    .    .  .   addl	%r9d, %edi
[4,5]     .    .    .D==============eER .    .    .    .    .  .   movl	%edi, %eax
[4,6]     .    .    . DeeeeeeeE-------R .    .    .    .    .  .   retq
[5,0]     .    .    . D=============eER .    .    .    .    .  .   addl	%esi, %edi
[5,1]     .    .    .  D=============eER.    .    .    .    .  .   addl	%edx, %edi
[5,2]     .    .    .  D==============eER    .    .    .    .  .   addl	%ecx, %edi
[5,3]     .    .    .  D===============eER   .    .    .    .  .   addl	%r8d, %edi
[5,4]     .    .    .  D================eER  .    .    .    .  .   addl	%r9d, %edi
[5,5]     .    .    .   D================eER .    .    .    .  .   movl	%edi, %eax
[5,6]     .    .    .   DeeeeeeeE----------R .    .    .    .  .   retq
[6,0]     .    .    .    D===============eER .    .    .    .  .   addl	%esi, %edi
[6,1]     .    .    .    D================eER.    .    .    .  .   addl	%edx, %edi
[6,2]     .    .    .    D=================eER    .    .    .  .   addl	%ecx, %edi
[6,3]     .    .    .    D==================eER   .    .    .  .   addl	%r8d, %edi
[6,4]     .    .    .    .D==================eER  .    .    .  .   addl	%r9d, %edi
[6,5]     .    .    .    .D===================eER .    .    .  .   movl	%edi, %eax
[6,6]     .    .    .    . D=eeeeeeeE-----------R .    .    .  .   retq
[7,0]     .    .    .    . D==================eER .    .    .  .   addl	%esi, %edi
[7,1]     .    .    .    .  D==================eER.    .    .  .   addl	%edx, %edi
[7,2]     .    .    .    .  D===================eER    .    .  .   addl	%ecx, %edi
[7,3]     .    .    .    .  D====================eER   .    .  .   addl	%r8d, %edi
[7,4]     .    .    .    .  D=====================eER  .    .  .   addl	%r9d, %edi
[7,5]     .    .    .    .   D=====================eER .    .  .   movl	%edi, %eax
[7,6]     .    .    .    .   DeeeeeeeE---------------R .    .  .   retq
[8,0]     .    .    .    .    D====================eER .    .  .   addl	%esi, %edi
[8,1]     .    .    .    .    D=====================eER.    .  .   addl	%edx, %edi
[8,2]     .    .    .    .    D======================eER    .  .   addl	%ecx, %edi
[8,3]     .    .    .    .    D=======================eER   .  .   addl	%r8d, %edi
[8,4]     .    .    .    .    .D=======================eER  .  .   addl	%r9d, %edi
[8,5]     .    .    .    .    .D========================eER .  .   movl	%edi, %eax
[8,6]     .    .    .    .    . DeeeeeeeE-----------------R .  .   retq
[9,0]     .    .    .    .    . D=======================eER .  .   addl	%esi, %edi
[9,1]     .    .    .    .    .  D=======================eER.  .   addl	%edx, %edi
[9,2]     .    .    .    .    .  D========================eER  .   addl	%ecx, %edi
[9,3]     .    .    .    .    .  D=========================eER .   addl	%r8d, %edi
[9,4]     .    .    .    .    .  D==========================eER.   addl	%r9d, %edi
[9,5]     .    .    .    .    .   D==========================eER   movl	%edi, %eax
[9,6]     .    .    .    .    .   DeeeeeeeE--------------------R   retq


Average Wait times (based on the timeline view):
[0]: Executions
[1]: Average time spent waiting in a scheduler's queue
[2]: Average time spent waiting in a scheduler's queue while ready
[3]: Average time elapsed from WB until retire stage

      [0]    [1]    [2]    [3]
0.     10    12.5   0.1    0.3       addl	%esi, %edi
1.     10    13.0   0.0    0.2       addl	%edx, %edi
2.     10    14.0   0.0    0.1       addl	%ecx, %edi
3.     10    15.0   0.0    0.0       addl	%r8d, %edi
4.     10    15.5   0.0    0.0       addl	%r9d, %edi
5.     10    16.0   0.0    0.0       movl	%edi, %eax
6.     10    1.2    1.2    8.6       retq
       10    12.5   0.2    1.3       <total>
